<?xml version="1.0" encoding="UTF-8"?>
<!-- Generated by org.testng.reporters.JUnitReportReporter -->
<testsuite hostname="DESKTOP-25H2GOO" failures="0" tests="4" name="testscript.LoginTest" time="25.081" errors="0" timestamp="2025-12-16T12:25:22 IST" skipped="0">
  <testcase classname="testscript.LoginTest" name="verifyUserIsAbleToLoginUsingValidCredentials" time="8.510"/>
  <testcase classname="testscript.LoginTest" name="verifyUserIsAbleToLoginUsingCorrectUsernameAndIncorrectPassword" time="5.057"/>
  <testcase classname="testscript.LoginTest" name="verifyUserIsAbleToLoginUsingIncorrectUsernameAndcorrectPassword" time="5.990"/>
  <testcase classname="testscript.LoginTest" name="verifyUserIsAbleToLoginUsingIncorrectUsernameAndIncorrectPassword" time="5.524"/>
</testsuite> <!-- testscript.LoginTest -->
