<?xml version="1.0" encoding="UTF-8"?>
<!-- Generated by org.testng.reporters.JUnitXMLReporter -->
<testsuite ignored="0" hostname="DESKTOP-25H2GOO" failures="0" tests="4" name="Test" time="41.353" errors="0" timestamp="2025-12-08T21:03:46 IST">
  <testcase classname="testscript.LoginTest" name="verifyUserIsAbleToLoginUsingCorrectUsernameAndIncorrectPassword" time="6.108"/>
  <testcase classname="testscript.LoginTest" name="verifyUserIsAbleToLoginUsingIncorrectUsernameAndIncorrectPassword" time="2.072"/>
  <testcase classname="testscript.LoginTest" name="verifyUserIsAbleToLoginUsingIncorrectUsernameAndcorrectPassword" time="2.171"/>
  <testcase classname="testscript.LoginTest" name="verifyUserIsAbleToLoginUsingValidCredentials" time="2.223"/>
</testsuite> <!-- Test -->
