<?xml version="1.0" encoding="UTF-8"?>
<!-- Generated by org.testng.reporters.JUnitXMLReporter -->
<testsuite ignored="0" hostname="DESKTOP-25H2GOO" failures="0" tests="10" name="Test" time="212.046" errors="0" timestamp="2025-12-11T20:20:11 IST">
  <testcase classname="testscript.ManageCategoryTest" name="verifyUserIsAbleToAccessCategoryInformations" time="25.56"/>
  <testcase classname="testscript.AdminUsersTest" name="verifyUserIsAbleToEnterAdminUserInformations" time="12.032"/>
  <testcase classname="testscript.ManageContactTest" name="verifyUserIsAbleToAccessManageContactPage" time="19.153"/>
  <testcase classname="testscript.ManageNewsTest" name="VerifyUserIsAbleToEnterTheManageNews" time="7.933"/>
  <testcase classname="testscript.ManageFooterTextTest" name="verifyUserIsAbleToAccessFooterTextInformations" time="14.124"/>
  <testcase classname="testscript.LoginTest" name="verifyUserIsAbleToLoginUsingCorrectUsernameAndIncorrectPassword" time="5.306"/>
  <testcase classname="testscript.LoginTest" name="verifyUserIsAbleToLoginUsingIncorrectUsernameAndIncorrectPassword" time="2.293"/>
  <testcase classname="testscript.LoginTest" name="verifyUserIsAbleToLoginUsingIncorrectUsernameAndcorrectPassword" time="2.154"/>
  <testcase classname="testscript.LoginTest" name="verifyUserIsAbleToLoginUsingValidCredentials" time="2.887"/>
  <testcase classname="testscript.LogoutTest" name="verifyUserIsAbleToLogout" time="5.414"/>
</testsuite> <!-- Test -->
