<?xml version="1.0" encoding="UTF-8"?>
<testng-results ignored="0" total="10" passed="10" failed="0" skipped="0">
  <reporter-output>
  </reporter-output>
  <suite started-at="2025-12-16T12:24:05 IST" name="Suite" finished-at="2025-12-16T12:25:20 IST" duration-ms="75248">
    <groups>
      <group name="Regression">
        <method signature="LoginTest.verifyUserIsAbleToLoginUsingValidCredentials()[pri:0, instance:testscript.LoginTest@383dc82c]" name="verifyUserIsAbleToLoginUsingValidCredentials" class="testscript.LoginTest"/>
        <method signature="ManageNewsTest.VerifyUserIsAbleToEnterTheManageNews()[pri:0, instance:testscript.ManageNewsTest@61710c6]" name="VerifyUserIsAbleToEnterTheManageNews" class="testscript.ManageNewsTest"/>
      </group> <!-- Regression -->
    </groups>
    <test started-at="2025-12-16T12:24:05 IST" name="Test" finished-at="2025-12-16T12:25:20 IST" duration-ms="75248">
      <class name="testscript.ManageNewsTest">
        <test-method is-config="true" signature="browserInitialization(java.lang.String)[pri:0, instance:testscript.ManageNewsTest@61710c6]" started-at="2025-12-16T12:24:34 IST" name="browserInitialization" finished-at="2025-12-16T12:24:37 IST" duration-ms="3538" status="PASS">
          <params>
            <param index="0">
              <value>
                <![CDATA[Chrome]]>
              </value>
            </param>
          </params>
          <reporter-output>
          </reporter-output>
        </test-method> <!-- browserInitialization -->
        <test-method signature="VerifyUserIsAbleToEnterTheManageNews()[pri:0, instance:testscript.ManageNewsTest@61710c6]" started-at="2025-12-16T12:24:37 IST" name="VerifyUserIsAbleToEnterTheManageNews" description="To Verify User is able to enter the ManageNews" finished-at="2025-12-16T12:24:40 IST" duration-ms="2256" status="PASS">
          <reporter-output>
          </reporter-output>
        </test-method> <!-- VerifyUserIsAbleToEnterTheManageNews -->
        <test-method is-config="true" signature="browserQuitAndClose(org.testng.ITestResult)[pri:0, instance:testscript.ManageNewsTest@61710c6]" started-at="2025-12-16T12:24:40 IST" name="browserQuitAndClose" finished-at="2025-12-16T12:24:40 IST" duration-ms="0" status="PASS">
          <params>
            <param index="0">
              <value>
                <![CDATA[[TestResult name=VerifyUserIsAbleToEnterTheManageNews status=SUCCESS method=ManageNewsTest.VerifyUserIsAbleToEnterTheManageNews()[pri:0, instance:testscript.ManageNewsTest@61710c6] output={null}]]]>
              </value>
            </param>
          </params>
          <reporter-output>
          </reporter-output>
        </test-method> <!-- browserQuitAndClose -->
      </class> <!-- testscript.ManageNewsTest -->
      <class name="testscript.ManageContactTest">
        <test-method is-config="true" signature="browserInitialization(java.lang.String)[pri:0, instance:testscript.ManageContactTest@4b8729ff]" started-at="2025-12-16T12:24:24 IST" name="browserInitialization" finished-at="2025-12-16T12:24:29 IST" duration-ms="4702" status="PASS">
          <params>
            <param index="0">
              <value>
                <![CDATA[Chrome]]>
              </value>
            </param>
          </params>
          <reporter-output>
          </reporter-output>
        </test-method> <!-- browserInitialization -->
        <test-method signature="verifyUserIsAbleToAccessManageContactPage()[pri:0, instance:testscript.ManageContactTest@4b8729ff]" started-at="2025-12-16T12:24:29 IST" name="verifyUserIsAbleToAccessManageContactPage" description=" To verify user is able to access managecontactpage" finished-at="2025-12-16T12:24:34 IST" duration-ms="4926" status="PASS">
          <reporter-output>
          </reporter-output>
        </test-method> <!-- verifyUserIsAbleToAccessManageContactPage -->
        <test-method is-config="true" signature="browserQuitAndClose(org.testng.ITestResult)[pri:0, instance:testscript.ManageContactTest@4b8729ff]" started-at="2025-12-16T12:24:34 IST" name="browserQuitAndClose" finished-at="2025-12-16T12:24:34 IST" duration-ms="0" status="PASS">
          <params>
            <param index="0">
              <value>
                <![CDATA[[TestResult name=verifyUserIsAbleToAccessManageContactPage status=SUCCESS method=ManageContactTest.verifyUserIsAbleToAccessManageContactPage()[pri:0, instance:testscript.ManageContactTest@4b8729ff] output={null}]]]>
              </value>
            </param>
          </params>
          <reporter-output>
          </reporter-output>
        </test-method> <!-- browserQuitAndClose -->
      </class> <!-- testscript.ManageContactTest -->
      <class name="testscript.ManageFooterTextTest">
        <test-method is-config="true" signature="browserInitialization(java.lang.String)[pri:0, instance:testscript.ManageFooterTextTest@3214ee6]" started-at="2025-12-16T12:24:40 IST" name="browserInitialization" finished-at="2025-12-16T12:24:44 IST" duration-ms="4216" status="PASS">
          <params>
            <param index="0">
              <value>
                <![CDATA[Chrome]]>
              </value>
            </param>
          </params>
          <reporter-output>
          </reporter-output>
        </test-method> <!-- browserInitialization -->
        <test-method signature="verifyUserIsAbleToAccessFooterTextInformations()[pri:0, instance:testscript.ManageFooterTextTest@3214ee6]" started-at="2025-12-16T12:24:44 IST" name="verifyUserIsAbleToAccessFooterTextInformations" description=" To verify user is able to access FooterTextInformations" finished-at="2025-12-16T12:24:47 IST" duration-ms="3479" status="PASS">
          <reporter-output>
          </reporter-output>
        </test-method> <!-- verifyUserIsAbleToAccessFooterTextInformations -->
        <test-method is-config="true" signature="browserQuitAndClose(org.testng.ITestResult)[pri:0, instance:testscript.ManageFooterTextTest@3214ee6]" started-at="2025-12-16T12:24:47 IST" name="browserQuitAndClose" finished-at="2025-12-16T12:24:47 IST" duration-ms="1" status="PASS">
          <params>
            <param index="0">
              <value>
                <![CDATA[[TestResult name=verifyUserIsAbleToAccessFooterTextInformations status=SUCCESS method=ManageFooterTextTest.verifyUserIsAbleToAccessFooterTextInformations()[pri:0, instance:testscript.ManageFooterTextTest@3214ee6] output={null}]]]>
              </value>
            </param>
          </params>
          <reporter-output>
          </reporter-output>
        </test-method> <!-- browserQuitAndClose -->
      </class> <!-- testscript.ManageFooterTextTest -->
      <class name="testscript.AdminUsersTest">
        <test-method is-config="true" signature="browserInitialization(java.lang.String)[pri:0, instance:testscript.AdminUsersTest@45efd90f]" started-at="2025-12-16T12:24:17 IST" name="browserInitialization" finished-at="2025-12-16T12:24:21 IST" duration-ms="3237" status="PASS">
          <params>
            <param index="0">
              <value>
                <![CDATA[Chrome]]>
              </value>
            </param>
          </params>
          <reporter-output>
          </reporter-output>
        </test-method> <!-- browserInitialization -->
        <test-method signature="verifyUserIsAbleToEnterAdminUserInformations()[pri:0, instance:testscript.AdminUsersTest@45efd90f]" started-at="2025-12-16T12:24:21 IST" name="verifyUserIsAbleToEnterAdminUserInformations" description="Used to verify whether the user is able to enter admin user informations" finished-at="2025-12-16T12:24:24 IST" duration-ms="3618" status="PASS">
          <reporter-output>
          </reporter-output>
        </test-method> <!-- verifyUserIsAbleToEnterAdminUserInformations -->
        <test-method is-config="true" signature="browserQuitAndClose(org.testng.ITestResult)[pri:0, instance:testscript.AdminUsersTest@45efd90f]" started-at="2025-12-16T12:24:24 IST" name="browserQuitAndClose" finished-at="2025-12-16T12:24:24 IST" duration-ms="4" status="PASS">
          <params>
            <param index="0">
              <value>
                <![CDATA[[TestResult name=verifyUserIsAbleToEnterAdminUserInformations status=SUCCESS method=AdminUsersTest.verifyUserIsAbleToEnterAdminUserInformations()[pri:0, instance:testscript.AdminUsersTest@45efd90f] output={null}]]]>
              </value>
            </param>
          </params>
          <reporter-output>
          </reporter-output>
        </test-method> <!-- browserQuitAndClose -->
      </class> <!-- testscript.AdminUsersTest -->
      <class name="testscript.LogoutTest">
        <test-method is-config="true" signature="browserInitialization(java.lang.String)[pri:0, instance:testscript.LogoutTest@4a07d605]" started-at="2025-12-16T12:25:13 IST" name="browserInitialization" finished-at="2025-12-16T12:25:18 IST" duration-ms="5773" status="PASS">
          <params>
            <param index="0">
              <value>
                <![CDATA[Chrome]]>
              </value>
            </param>
          </params>
          <reporter-output>
          </reporter-output>
        </test-method> <!-- browserInitialization -->
        <test-method signature="verifyUserIsAbleToLogout()[pri:0, instance:testscript.LogoutTest@4a07d605]" started-at="2025-12-16T12:25:18 IST" name="verifyUserIsAbleToLogout" description="Used to verify user is able to logout" finished-at="2025-12-16T12:25:20 IST" duration-ms="1960" status="PASS">
          <reporter-output>
          </reporter-output>
        </test-method> <!-- verifyUserIsAbleToLogout -->
        <test-method is-config="true" signature="browserQuitAndClose(org.testng.ITestResult)[pri:0, instance:testscript.LogoutTest@4a07d605]" started-at="2025-12-16T12:25:20 IST" name="browserQuitAndClose" finished-at="2025-12-16T12:25:20 IST" duration-ms="4" status="PASS">
          <params>
            <param index="0">
              <value>
                <![CDATA[[TestResult name=verifyUserIsAbleToLogout status=SUCCESS method=LogoutTest.verifyUserIsAbleToLogout()[pri:0, instance:testscript.LogoutTest@4a07d605] output={null}]]]>
              </value>
            </param>
          </params>
          <reporter-output>
          </reporter-output>
        </test-method> <!-- browserQuitAndClose -->
      </class> <!-- testscript.LogoutTest -->
      <class name="testscript.LoginTest">
        <test-method is-config="true" signature="browserInitialization(java.lang.String)[pri:0, instance:testscript.LoginTest@383dc82c]" started-at="2025-12-16T12:24:47 IST" name="browserInitialization" finished-at="2025-12-16T12:24:51 IST" duration-ms="3499" status="PASS">
          <params>
            <param index="0">
              <value>
                <![CDATA[Chrome]]>
              </value>
            </param>
          </params>
          <reporter-output>
          </reporter-output>
        </test-method> <!-- browserInitialization -->
        <test-method signature="verifyUserIsAbleToLoginUsingCorrectUsernameAndIncorrectPassword()[pri:0, instance:testscript.LoginTest@383dc82c]" started-at="2025-12-16T12:24:51 IST" name="verifyUserIsAbleToLoginUsingCorrectUsernameAndIncorrectPassword" description="Used to verify the user with correct username and incorrect password" finished-at="2025-12-16T12:24:52 IST" duration-ms="1558" status="PASS">
          <reporter-output>
          </reporter-output>
        </test-method> <!-- verifyUserIsAbleToLoginUsingCorrectUsernameAndIncorrectPassword -->
        <test-method is-config="true" signature="browserQuitAndClose(org.testng.ITestResult)[pri:0, instance:testscript.LoginTest@383dc82c]" started-at="2025-12-16T12:24:52 IST" name="browserQuitAndClose" finished-at="2025-12-16T12:24:52 IST" duration-ms="0" status="PASS">
          <params>
            <param index="0">
              <value>
                <![CDATA[[TestResult name=verifyUserIsAbleToLoginUsingCorrectUsernameAndIncorrectPassword status=SUCCESS method=LoginTest.verifyUserIsAbleToLoginUsingCorrectUsernameAndIncorrectPassword()[pri:0, instance:testscript.LoginTest@383dc82c] output={null}]]]>
              </value>
            </param>
          </params>
          <reporter-output>
          </reporter-output>
        </test-method> <!-- browserQuitAndClose -->
        <test-method is-config="true" signature="browserInitialization(java.lang.String)[pri:0, instance:testscript.LoginTest@383dc82c]" started-at="2025-12-16T12:24:53 IST" name="browserInitialization" finished-at="2025-12-16T12:24:57 IST" duration-ms="4689" status="PASS">
          <params>
            <param index="0">
              <value>
                <![CDATA[Chrome]]>
              </value>
            </param>
          </params>
          <reporter-output>
          </reporter-output>
        </test-method> <!-- browserInitialization -->
        <test-method signature="verifyUserIsAbleToLoginUsingIncorrectUsernameAndIncorrectPassword(java.lang.String,java.lang.String)[pri:0, instance:testscript.LoginTest@383dc82c]" started-at="2025-12-16T12:24:57 IST" name="verifyUserIsAbleToLoginUsingIncorrectUsernameAndIncorrectPassword" description="Used to verify the user with invalid credentials" data-provider="LoginProvider" finished-at="2025-12-16T12:24:58 IST" duration-ms="835" status="PASS">
          <params>
            <param index="0">
              <value>
                <![CDATA[hello]]>
              </value>
            </param>
            <param index="1">
              <value>
                <![CDATA[hello]]>
              </value>
            </param>
          </params>
          <reporter-output>
          </reporter-output>
        </test-method> <!-- verifyUserIsAbleToLoginUsingIncorrectUsernameAndIncorrectPassword -->
        <test-method is-config="true" signature="browserQuitAndClose(org.testng.ITestResult)[pri:0, instance:testscript.LoginTest@383dc82c]" started-at="2025-12-16T12:24:58 IST" name="browserQuitAndClose" finished-at="2025-12-16T12:24:58 IST" duration-ms="0" status="PASS">
          <params>
            <param index="0">
              <value>
                <![CDATA[[TestResult name=verifyUserIsAbleToLoginUsingIncorrectUsernameAndIncorrectPassword status=SUCCESS method=LoginTest.verifyUserIsAbleToLoginUsingIncorrectUsernameAndIncorrectPassword(java.lang.String,java.lang.String)[pri:0, instance:testscript.LoginTest@383dc82c] output={null}]]]>
              </value>
            </param>
          </params>
          <reporter-output>
          </reporter-output>
        </test-method> <!-- browserQuitAndClose -->
        <test-method is-config="true" signature="browserInitialization(java.lang.String)[pri:0, instance:testscript.LoginTest@383dc82c]" started-at="2025-12-16T12:24:58 IST" name="browserInitialization" finished-at="2025-12-16T12:25:03 IST" duration-ms="4809" status="PASS">
          <params>
            <param index="0">
              <value>
                <![CDATA[Chrome]]>
              </value>
            </param>
          </params>
          <reporter-output>
          </reporter-output>
        </test-method> <!-- browserInitialization -->
        <test-method signature="verifyUserIsAbleToLoginUsingIncorrectUsernameAndcorrectPassword()[pri:0, instance:testscript.LoginTest@383dc82c]" started-at="2025-12-16T12:25:03 IST" name="verifyUserIsAbleToLoginUsingIncorrectUsernameAndcorrectPassword" description="Used to verify the user with incorrect username and correct password" finished-at="2025-12-16T12:25:04 IST" duration-ms="743" status="PASS">
          <reporter-output>
          </reporter-output>
        </test-method> <!-- verifyUserIsAbleToLoginUsingIncorrectUsernameAndcorrectPassword -->
        <test-method is-config="true" signature="browserQuitAndClose(org.testng.ITestResult)[pri:0, instance:testscript.LoginTest@383dc82c]" started-at="2025-12-16T12:25:04 IST" name="browserQuitAndClose" finished-at="2025-12-16T12:25:04 IST" duration-ms="0" status="PASS">
          <params>
            <param index="0">
              <value>
                <![CDATA[[TestResult name=verifyUserIsAbleToLoginUsingIncorrectUsernameAndcorrectPassword status=SUCCESS method=LoginTest.verifyUserIsAbleToLoginUsingIncorrectUsernameAndcorrectPassword()[pri:0, instance:testscript.LoginTest@383dc82c] output={null}]]]>
              </value>
            </param>
          </params>
          <reporter-output>
          </reporter-output>
        </test-method> <!-- browserQuitAndClose -->
        <test-method is-config="true" signature="browserInitialization(java.lang.String)[pri:0, instance:testscript.LoginTest@383dc82c]" started-at="2025-12-16T12:25:04 IST" name="browserInitialization" finished-at="2025-12-16T12:25:09 IST" duration-ms="5246" status="PASS">
          <params>
            <param index="0">
              <value>
                <![CDATA[Chrome]]>
              </value>
            </param>
          </params>
          <reporter-output>
          </reporter-output>
        </test-method> <!-- browserInitialization -->
        <test-method signature="verifyUserIsAbleToLoginUsingValidCredentials()[pri:0, instance:testscript.LoginTest@383dc82c]" started-at="2025-12-16T12:25:09 IST" name="verifyUserIsAbleToLoginUsingValidCredentials" description="To verify whether user is able to login using valid credentials" finished-at="2025-12-16T12:25:13 IST" duration-ms="3701" status="PASS">
          <reporter-output>
          </reporter-output>
        </test-method> <!-- verifyUserIsAbleToLoginUsingValidCredentials -->
        <test-method is-config="true" signature="browserQuitAndClose(org.testng.ITestResult)[pri:0, instance:testscript.LoginTest@383dc82c]" started-at="2025-12-16T12:25:13 IST" name="browserQuitAndClose" finished-at="2025-12-16T12:25:13 IST" duration-ms="1" status="PASS">
          <params>
            <param index="0">
              <value>
                <![CDATA[[TestResult name=verifyUserIsAbleToLoginUsingValidCredentials status=SUCCESS method=LoginTest.verifyUserIsAbleToLoginUsingValidCredentials()[pri:0, instance:testscript.LoginTest@383dc82c] output={null}]]]>
              </value>
            </param>
          </params>
          <reporter-output>
          </reporter-output>
        </test-method> <!-- browserQuitAndClose -->
      </class> <!-- testscript.LoginTest -->
      <class name="testscript.ManageCategoryTest">
        <test-method is-config="true" signature="browserInitialization(java.lang.String)[pri:0, instance:testscript.ManageCategoryTest@1c9b0314]" started-at="2025-12-16T12:24:05 IST" name="browserInitialization" finished-at="2025-12-16T12:24:13 IST" duration-ms="8005" status="PASS">
          <params>
            <param index="0">
              <value>
                <![CDATA[Chrome]]>
              </value>
            </param>
          </params>
          <reporter-output>
          </reporter-output>
        </test-method> <!-- browserInitialization -->
        <test-method signature="verifyUserIsAbleToAccessCategoryInformations()[pri:0, instance:testscript.ManageCategoryTest@1c9b0314]" started-at="2025-12-16T12:24:13 IST" name="verifyUserIsAbleToAccessCategoryInformations" description="To verify user is able to enter category informations" finished-at="2025-12-16T12:24:17 IST" duration-ms="4116" status="PASS">
          <reporter-output>
          </reporter-output>
        </test-method> <!-- verifyUserIsAbleToAccessCategoryInformations -->
        <test-method is-config="true" signature="browserQuitAndClose(org.testng.ITestResult)[pri:0, instance:testscript.ManageCategoryTest@1c9b0314]" started-at="2025-12-16T12:24:17 IST" name="browserQuitAndClose" finished-at="2025-12-16T12:24:17 IST" duration-ms="0" status="PASS">
          <params>
            <param index="0">
              <value>
                <![CDATA[[TestResult name=verifyUserIsAbleToAccessCategoryInformations status=SUCCESS method=ManageCategoryTest.verifyUserIsAbleToAccessCategoryInformations()[pri:0, instance:testscript.ManageCategoryTest@1c9b0314] output={null}]]]>
              </value>
            </param>
          </params>
          <reporter-output>
          </reporter-output>
        </test-method> <!-- browserQuitAndClose -->
      </class> <!-- testscript.ManageCategoryTest -->
    </test> <!-- Test -->
  </suite> <!-- Suite -->
</testng-results>
