<?xml version="1.0" encoding="UTF-8"?>
<testng-results ignored="0" total="1" passed="1" failed="0" skipped="0">
  <reporter-output>
  </reporter-output>
  <suite started-at="2025-12-12T10:28:07 IST" name="Multibrowsertesting" finished-at="2025-12-12T10:28:20 IST" duration-ms="12861">
    <groups>
      <group name="Regression">
        <method signature="ManageNewsTest.VerifyUserIsAbleToEnterTheManageNews()[pri:0, instance:testscript.ManageNewsTest@7fb4f2a9]" name="VerifyUserIsAbleToEnterTheManageNews" class="testscript.ManageNewsTest"/>
      </group> <!-- Regression -->
    </groups>
    <test started-at="2025-12-12T10:28:07 IST" name="Chrometest" finished-at="2025-12-12T10:28:20 IST" duration-ms="12861">
      <class name="testscript.ManageNewsTest">
        <test-method is-config="true" signature="browserInitialization(java.lang.String)[pri:0, instance:testscript.ManageNewsTest@7fb4f2a9]" started-at="2025-12-12T10:28:07 IST" name="browserInitialization" finished-at="2025-12-12T10:28:14 IST" duration-ms="7279" status="PASS">
          <params>
            <param index="0">
              <value>
                <![CDATA[Chrome]]>
              </value>
            </param>
          </params>
          <reporter-output>
          </reporter-output>
        </test-method> <!-- browserInitialization -->
        <test-method signature="VerifyUserIsAbleToEnterTheManageNews()[pri:0, instance:testscript.ManageNewsTest@7fb4f2a9]" started-at="2025-12-12T10:28:14 IST" name="VerifyUserIsAbleToEnterTheManageNews" description="To Verify User is able to enter the ManageNews" finished-at="2025-12-12T10:28:19 IST" duration-ms="5466" status="PASS">
          <reporter-output>
          </reporter-output>
        </test-method> <!-- VerifyUserIsAbleToEnterTheManageNews -->
        <test-method is-config="true" signature="browserQuitAndClose(org.testng.ITestResult)[pri:0, instance:testscript.ManageNewsTest@7fb4f2a9]" started-at="2025-12-12T10:28:20 IST" name="browserQuitAndClose" finished-at="2025-12-12T10:28:20 IST" duration-ms="5" status="PASS">
          <params>
            <param index="0">
              <value>
                <![CDATA[[TestResult name=VerifyUserIsAbleToEnterTheManageNews status=SUCCESS method=ManageNewsTest.VerifyUserIsAbleToEnterTheManageNews()[pri:0, instance:testscript.ManageNewsTest@7fb4f2a9] output={null}]]]>
              </value>
            </param>
          </params>
          <reporter-output>
          </reporter-output>
        </test-method> <!-- browserQuitAndClose -->
      </class> <!-- testscript.ManageNewsTest -->
    </test> <!-- Chrometest -->
  </suite> <!-- Multibrowsertesting -->
</testng-results>
