# JRE version: OpenJDK Runtime Environment Temurin-21.0.8+9 (21.0.8+9) (build 21.0.8+9-LTS)
# Java VM: OpenJDK 64-Bit Server VM Temurin-21.0.8+9 (21.0.8+9-LTS, mixed mode, sharing, tiered, compressed oops, compressed class ptrs, g1 gc, windows-amd64)
GC Precious Log:
 CardTable entry size: 512
 Card Set container configuration: InlinePtr #cards 5 size 8 Array Of Cards #cards 12 size 40 Howl #buckets 4 coarsen threshold 1843 Howl Bitmap #cards 512 size 80 coarsen threshold 460 Card regions per heap region 1 cards per card region 2048
 CPUs: 4 total, 4 available
 Memory: 7926M
 Large Page Support: Disabled
 NUMA Support: Disabled
 Compressed Oops: Enabled (32-bit)
 Heap Region Size: 1M
 Heap Min Capacity: 8M
 Heap Initial Capacity: 124M
 Heap Max Capacity: 1982M
 Pre-touch: Disabled
 Parallel Workers: 4
 Concurrent Workers: 1
 Concurrent Refinement Workers: 4
 Periodic GC: Disabled
Heap:
 garbage-first heap   total 126976K, used 23265K [0x0000000084200000, 0x0000000100000000)
  region size 1024K, 18 young (18432K), 4 survivors (4096K)
 Metaspace       used 19657K, committed 20096K, reserved 1114112K
  class space    used 2475K, committed 2688K, reserved 1048576K
GC Heap History (6 events):
Event: 1.665 GC heap before
{Heap before GC invocations=0 (full 0):
 garbage-first heap   total 126976K, used 13312K [0x0000000084200000, 0x0000000100000000)
  region size 1024K, 13 young (13312K), 0 survivors (0K)
 Metaspace       used 5077K, committed 5248K, reserved 1114112K
  class space    used 532K, committed 640K, reserved 1048576K
}
Event: 1.674 GC heap after
{Heap after GC invocations=1 (full 0):
 garbage-first heap   total 126976K, used 6752K [0x0000000084200000, 0x0000000100000000)
  region size 1024K, 2 young (2048K), 2 survivors (2048K)
 Metaspace       used 5077K, committed 5248K, reserved 1114112K
  class space    used 532K, committed 640K, reserved 1048576K
}
Event: 2.208 GC heap before
{Heap before GC invocations=1 (full 0):
 garbage-first heap   total 126976K, used 18016K [0x0000000084200000, 0x0000000100000000)
  region size 1024K, 14 young (14336K), 2 survivors (2048K)
 Metaspace       used 8232K, committed 8384K, reserved 1114112K
  class space    used 904K, committed 960K, reserved 1048576K
}
Event: 2.211 GC heap after
{Heap after GC invocations=2 (full 0):
 garbage-first heap   total 126976K, used 7840K [0x0000000084200000, 0x0000000100000000)
  region size 1024K, 2 young (2048K), 2 survivors (2048K)
 Metaspace       used 8232K, committed 8384K, reserved 1114112K
  class space    used 904K, committed 960K, reserved 1048576K
}
Event: 4.400 GC heap before
{Heap before GC invocations=2 (full 0):
 garbage-first heap   total 126976K, used 37536K [0x0000000084200000, 0x0000000100000000)
  region size 1024K, 32 young (32768K), 2 survivors (2048K)
 Metaspace       used 17027K, committed 17408K, reserved 1114112K
  class space    used 2037K, committed 2176K, reserved 1048576K
}
Event: 4.406 GC heap after
{Heap after GC invocations=3 (full 0):
 garbage-first heap   total 126976K, used 10977K [0x0000000084200000, 0x0000000100000000)
  region size 1024K, 4 young (4096K), 4 survivors (4096K)
 Metaspace       used 17027K, committed 17408K, reserved 1114112K
  class space    used 2037K, committed 2176K, reserved 1048576K
}

